<?xml version="1.0" encoding="UTF-8"?>
<!-- Generated by org.testng.reporters.JUnitXMLReporter -->
<testsuite ignored="0" hostname="DESKTOP-BTKGU4T" failures="1" tests="1" name="Sample Test" time="4.678" errors="0" timestamp="2024-07-24T21:15:36 IST">
  <testcase classname="tests.SampleTest" name="openUrlTest" time="0.003">
    <failure type="java.lang.NullPointerException" message="Cannot invoke &amp;quot;config.Config.getProperty(String)&amp;quot; because &amp;quot;this.config&amp;quot; is null">
      <![CDATA[java.lang.NullPointerException: Cannot invoke "config.Config.getProperty(String)" because "this.config" is null
at tests.SampleTest.openUrlTest(SampleTest.java:12)
at java.base/java.util.ArrayList.forEach(ArrayList.java:1511)
... Removed 31 stack frames]]>
    </failure>
  </testcase> <!-- openUrlTest -->
</testsuite> <!-- Sample Test -->
